# JRE version: OpenJDK Runtime Environment (8.0_362-b08) (build 1.8.0_362-b08)
# Java VM: OpenJDK 64-Bit Server VM (25.362-b08 mixed mode windows-amd64 compressed oops)
Heap:
 PSYoungGen      total 37888K, used 37085K [0x00000000d6200000, 0x00000000d8c00000, 0x0000000100000000)
  eden space 32768K, 99% used [0x00000000d6200000,0x00000000d81eca08,0x00000000d8200000)
  from space 5120K, 85% used [0x00000000d8200000,0x00000000d864ad98,0x00000000d8700000)
  to   space 5120K, 0% used [0x00000000d8700000,0x00000000d8700000,0x00000000d8c00000)
 ParOldGen       total 58880K, used 7638K [0x0000000082600000, 0x0000000085f80000, 0x00000000d6200000)
  object space 58880K, 12% used [0x0000000082600000,0x0000000082d75a70,0x0000000085f80000)
 Metaspace       used 24810K, capacity 26568K, committed 26624K, reserved 1073152K
  class space    used 3238K, capacity 3572K, committed 3584K, reserved 1048576K
GC Heap History (10 events):
Event: 2.807 GC heap before
{Heap before GC invocations=2 (full 0):
 PSYoungGen      total 37888K, used 37740K [0x00000000d6200000, 0x00000000d8c00000, 0x0000000100000000)
  eden space 32768K, 100% used [0x00000000d6200000,0x00000000d8200000,0x00000000d8200000)
  from space 5120K, 97% used [0x00000000d8200000,0x00000000d86db3c8,0x00000000d8700000)
  to   space 5120K, 0% used [0x00000000d8700000,0x00000000d8700000,0x00000000d8c00000)
 ParOldGen       total 86016K, used 16K [0x0000000082600000, 0x0000000087a00000, 0x00000000d6200000)
  object space 86016K, 0% used [0x0000000082600000,0x0000000082604000,0x0000000087a00000)
 Metaspace       used 13190K, capacity 14324K, committed 14464K, reserved 1062912K
  class space    used 1670K, capacity 1900K, committed 1920K, reserved 1048576K
Event: 2.814 GC heap after
Heap after GC invocations=2 (full 0):
 PSYoungGen      total 37888K, used 5113K [0x00000000d6200000, 0x00000000d8c00000, 0x0000000100000000)
  eden space 32768K, 0% used [0x00000000d6200000,0x00000000d6200000,0x00000000d8200000)
  from space 5120K, 99% used [0x00000000d8700000,0x00000000d8bfe6b8,0x00000000d8c00000)
  to   space 5120K, 0% used [0x00000000d8200000,0x00000000d8200000,0x00000000d8700000)
 ParOldGen       total 86016K, used 824K [0x0000000082600000, 0x0000000087a00000, 0x00000000d6200000)
  object space 86016K, 0% used [0x0000000082600000,0x00000000826ce348,0x0000000087a00000)
 Metaspace       used 13190K, capacity 14324K, committed 14464K, reserved 1062912K
  class space    used 1670K, capacity 1900K, committed 1920K, reserved 1048576K
}
Event: 3.313 GC heap before
{Heap before GC invocations=3 (full 0):
 PSYoungGen      total 37888K, used 37881K [0x00000000d6200000, 0x00000000d8c00000, 0x0000000100000000)
  eden space 32768K, 100% used [0x00000000d6200000,0x00000000d8200000,0x00000000d8200000)
  from space 5120K, 99% used [0x00000000d8700000,0x00000000d8bfe6b8,0x00000000d8c00000)
  to   space 5120K, 0% used [0x00000000d8200000,0x00000000d8200000,0x00000000d8700000)
 ParOldGen       total 86016K, used 824K [0x0000000082600000, 0x0000000087a00000, 0x00000000d6200000)
  object space 86016K, 0% used [0x0000000082600000,0x00000000826ce348,0x0000000087a00000)
 Metaspace       used 16308K, capacity 17744K, committed 17792K, reserved 1064960K
  class space    used 2110K, capacity 2386K, committed 2432K, reserved 1048576K
Event: 3.320 GC heap after
Heap after GC invocations=3 (full 0):
 PSYoungGen      total 37888K, used 5102K [0x00000000d6200000, 0x00000000d8c00000, 0x0000000100000000)
  eden space 32768K, 0% used [0x00000000d6200000,0x00000000d6200000,0x00000000d8200000)
  from space 5120K, 99% used [0x00000000d8200000,0x00000000d86fbba0,0x00000000d8700000)
  to   space 5120K, 0% used [0x00000000d8700000,0x00000000d8700000,0x00000000d8c00000)
 ParOldGen       total 86016K, used 2452K [0x0000000082600000, 0x0000000087a00000, 0x00000000d6200000)
  object space 86016K, 2% used [0x0000000082600000,0x0000000082865050,0x0000000087a00000)
 Metaspace       used 16308K, capacity 17744K, committed 17792K, reserved 1064960K
  class space    used 2110K, capacity 2386K, committed 2432K, reserved 1048576K
}
Event: 3.770 GC heap before
{Heap before GC invocations=4 (full 0):
 PSYoungGen      total 37888K, used 33314K [0x00000000d6200000, 0x00000000d8c00000, 0x0000000100000000)
  eden space 32768K, 86% used [0x00000000d6200000,0x00000000d7d8ce48,0x00000000d8200000)
  from space 5120K, 99% used [0x00000000d8200000,0x00000000d86fbba0,0x00000000d8700000)
  to   space 5120K, 0% used [0x00000000d8700000,0x00000000d8700000,0x00000000d8c00000)
 ParOldGen       total 86016K, used 2452K [0x0000000082600000, 0x0000000087a00000, 0x00000000d6200000)
  object space 86016K, 2% used [0x0000000082600000,0x0000000082865050,0x0000000087a00000)
 Metaspace       used 19626K, capacity 21174K, committed 21296K, reserved 1067008K
  class space    used 2553K, capacity 2841K, committed 2944K, reserved 1048576K
Event: 3.780 GC heap after
Heap after GC invocations=4 (full 0):
 PSYoungGen      total 37888K, used 5106K [0x00000000d6200000, 0x00000000d8c00000, 0x0000000100000000)
  eden space 32768K, 0% used [0x00000000d6200000,0x00000000d6200000,0x00000000d8200000)
  from space 5120K, 99% used [0x00000000d8700000,0x00000000d8bfca18,0x00000000d8c00000)
  to   space 5120K, 0% used [0x00000000d8200000,0x00000000d8200000,0x00000000d8700000)
 ParOldGen       total 86016K, used 5103K [0x0000000082600000, 0x0000000087a00000, 0x00000000d6200000)
  object space 86016K, 5% used [0x0000000082600000,0x0000000082afbd08,0x0000000087a00000)
 Metaspace       used 19626K, capacity 21174K, committed 21296K, reserved 1067008K
  class space    used 2553K, capacity 2841K, committed 2944K, reserved 1048576K
}
Event: 3.780 GC heap before
{Heap before GC invocations=5 (full 1):
 PSYoungGen      total 37888K, used 5106K [0x00000000d6200000, 0x00000000d8c00000, 0x0000000100000000)
  eden space 32768K, 0% used [0x00000000d6200000,0x00000000d6200000,0x00000000d8200000)
  from space 5120K, 99% used [0x00000000d8700000,0x00000000d8bfca18,0x00000000d8c00000)
  to   space 5120K, 0% used [0x00000000d8200000,0x00000000d8200000,0x00000000d8700000)
 ParOldGen       total 86016K, used 5103K [0x0000000082600000, 0x0000000087a00000, 0x00000000d6200000)
  object space 86016K, 5% used [0x0000000082600000,0x0000000082afbd08,0x0000000087a00000)
 Metaspace       used 19626K, capacity 21174K, committed 21296K, reserved 1067008K
  class space    used 2553K, capacity 2841K, committed 2944K, reserved 1048576K
Event: 3.820 GC heap after
Heap after GC invocations=5 (full 1):
 PSYoungGen      total 37888K, used 0K [0x00000000d6200000, 0x00000000d8c00000, 0x0000000100000000)
  eden space 32768K, 0% used [0x00000000d6200000,0x00000000d6200000,0x00000000d8200000)
  from space 5120K, 0% used [0x00000000d8700000,0x00000000d8700000,0x00000000d8c00000)
  to   space 5120K, 0% used [0x00000000d8200000,0x00000000d8200000,0x00000000d8700000)
 ParOldGen       total 58880K, used 7630K [0x0000000082600000, 0x0000000085f80000, 0x00000000d6200000)
  object space 58880K, 12% used [0x0000000082600000,0x0000000082d73a70,0x0000000085f80000)
 Metaspace       used 19626K, capacity 21174K, committed 21296K, reserved 1067008K
  class space    used 2553K, capacity 2841K, committed 2944K, reserved 1048576K
}
Event: 4.160 GC heap before
{Heap before GC invocations=6 (full 1):
 PSYoungGen      total 37888K, used 32768K [0x00000000d6200000, 0x00000000d8c00000, 0x0000000100000000)
  eden space 32768K, 100% used [0x00000000d6200000,0x00000000d8200000,0x00000000d8200000)
  from space 5120K, 0% used [0x00000000d8700000,0x00000000d8700000,0x00000000d8c00000)
  to   space 5120K, 0% used [0x00000000d8200000,0x00000000d8200000,0x00000000d8700000)
 ParOldGen       total 58880K, used 7630K [0x0000000082600000, 0x0000000085f80000, 0x00000000d6200000)
  object space 58880K, 12% used [0x0000000082600000,0x0000000082d73a70,0x0000000085f80000)
 Metaspace       used 23053K, capacity 24688K, committed 24832K, reserved 1071104K
  class space    used 3011K, capacity 3320K, committed 3328K, reserved 1048576K
Event: 4.166 GC heap after
Heap after GC invocations=6 (full 1):
 PSYoungGen      total 37888K, used 4395K [0x00000000d6200000, 0x00000000d8c00000, 0x0000000100000000)
  eden space 32768K, 0% used [0x00000000d6200000,0x00000000d6200000,0x00000000d8200000)
  from space 5120K, 85% used [0x00000000d8200000,0x00000000d864ad98,0x00000000d8700000)
  to   space 5120K, 0% used [0x00000000d8700000,0x00000000d8700000,0x00000000d8c00000)
 ParOldGen       total 58880K, used 7638K [0x0000000082600000, 0x0000000085f80000, 0x00000000d6200000)
  object space 58880K, 12% used [0x0000000082600000,0x0000000082d75a70,0x0000000085f80000)
 Metaspace       used 23053K, capacity 24688K, committed 24832K, reserved 1071104K
  class space    used 3011K, capacity 3320K, committed 3328K, reserved 1048576K
}

